#
# There is insufficient memory for the Java Runtime Environment to continue.
# Native memory allocation (malloc) failed to allocate 1824016 bytes for Chunk::new
# Possible reasons:
#   The system is out of physical RAM or swap space
#   The process is running with CompressedOops enabled, and the Java Heap may be blocking the growth of the native heap
# Possible solutions:
#   Reduce memory load on the system
#   Increase physical memory or swap space
#   Check if swap backing store is full
#   Decrease Java heap size (-Xmx/-Xms)
#   Decrease number of Java threads
#   Decrease Java thread stack sizes (-Xss)
#   Set larger code cache with -XX:ReservedCodeCacheSize=
#   JVM is running with Unscaled Compressed Oops mode in which the Java heap is
#     placed in the first 4GB address space. The Java Heap base address is the
#     maximum limit for the native heap growth. Please use -XX:HeapBaseMinAddress
#     to set the Java Heap base and to place the Java Heap above 4GB virtual address.
# This output file may be truncated or incomplete.
#
#  Out of Memory Error (./src/hotspot/share/memory/arena.cpp:197), pid=9800, tid=6400
#
# JRE version: OpenJDK Runtime Environment (11.0.11+9) (build 11.0.11+9-b60-7590822)
# Java VM: OpenJDK 64-Bit Server VM (11.0.11+9-b60-7590822, mixed mode, tiered, compressed oops, g1 gc, windows-amd64)
# No core dump will be written. Minidumps are not enabled by default on client versions of Windows
#

---------------  S U M M A R Y ------------

Command Line: --add-opens=java.base/java.util=ALL-UNNAMED --add-opens=java.base/java.lang=ALL-UNNAMED --add-opens=java.base/java.lang.invoke=ALL-UNNAMED --add-opens=java.base/java.util=ALL-UNNAMED --add-opens=java.prefs/java.util.prefs=ALL-UNNAMED --add-opens=java.prefs/java.util.prefs=ALL-UNNAMED --add-opens=java.base/java.nio.charset=ALL-UNNAMED --add-opens=java.base/java.net=ALL-UNNAMED --add-opens=java.base/java.util.concurrent.atomic=ALL-UNNAMED -Xmx2048m -Dfile.encoding=UTF-8 -Duser.country=US -Duser.language=en -Duser.variant org.gradle.launcher.daemon.bootstrap.GradleDaemon 7.2

Host: Intel(R) Core(TM) i5-1035G1 CPU @ 1.00GHz, 8 cores, 11G,  Windows 10 , 64 bit Build 19041 (10.0.19041.1889)
Time: Thu Aug 25 18:46:14 2022 Central Daylight Time elapsed time: 6.211783 seconds (0d 0h 0m 6s)

---------------  T H R E A D  ---------------

Current thread (0x000001c4224d9000):  JavaThread "C2 CompilerThread1" daemon [_thread_in_native, id=6400, stack(0x000000b57c200000,0x000000b57c300000)]


Current CompileTask:
C2:   6212 2179       4       java.net.URLClassLoader$1::run (5 bytes)

Stack: [0x000000b57c200000,0x000000b57c300000]
Native frames: (J=compiled Java code, j=interpreted, Vv=VM code, C=native code)
V  [jvm.dll+0x5f214a]
V  [jvm.dll+0x726fb5]
V  [jvm.dll+0x7285cd]
V  [jvm.dll+0x728c83]
V  [jvm.dll+0x243278]
V  [jvm.dll+0xbc53c]
V  [jvm.dll+0xbca3c]
V  [jvm.dll+0x353e3b]
V  [jvm.dll+0x321893]
V  [jvm.dll+0x320d8a]
V  [jvm.dll+0x1fc1e2]
V  [jvm.dll+0x1fb3d4]
V  [jvm.dll+0x183d6c]
V  [jvm.dll+0x209a57]
V  [jvm.dll+0x2082a1]
V  [jvm.dll+0x6ef58f]
V  [jvm.dll+0x6e80b5]
V  [jvm.dll+0x5f1036]
C  [ucrtbase.dll+0x21bb2]
C  [KERNEL32.DLL+0x17034]
C  [ntdll.dll+0x52651]


---------------  P R O C E S S  ---------------

Threads class SMR info:
_java_thread_list=0x000001c4230e93a0, length=27, elements={
0x000001c404dec800, 0x000001c41f299800, 0x000001c41f29c800, 0x000001c41faf6800,
0x000001c41fafa800, 0x000001c41fafd000, 0x000001c41fafe000, 0x000001c41fb04800,
0x000001c41fb05800, 0x000001c41fc7c000, 0x000001c421e96000, 0x000001c421e94800,
0x000001c421e97800, 0x000001c421e98800, 0x000001c421e99800, 0x000001c421e9b000,
0x000001c421e9a000, 0x000001c421e95800, 0x000001c421e97000, 0x000001c4228ac800,
0x000001c4228ae000, 0x000001c4228ab800, 0x000001c4228ad800, 0x000001c4224d9000,
0x000001c4228af000, 0x000001c4228af800, 0x000001c4228ab000
}

Java Threads: ( => current thread )
  0x000001c404dec800 JavaThread "main" [_thread_blocked, id=5640, stack(0x000000b579c00000,0x000000b579d00000)]
  0x000001c41f299800 JavaThread "Reference Handler" daemon [_thread_blocked, id=6916, stack(0x000000b57a300000,0x000000b57a400000)]
  0x000001c41f29c800 JavaThread "Finalizer" daemon [_thread_blocked, id=3012, stack(0x000000b57a400000,0x000000b57a500000)]
  0x000001c41faf6800 JavaThread "Signal Dispatcher" daemon [_thread_blocked, id=3288, stack(0x000000b57a500000,0x000000b57a600000)]
  0x000001c41fafa800 JavaThread "Attach Listener" daemon [_thread_blocked, id=2624, stack(0x000000b57a600000,0x000000b57a700000)]
  0x000001c41fafd000 JavaThread "Service Thread" daemon [_thread_blocked, id=3860, stack(0x000000b57a700000,0x000000b57a800000)]
  0x000001c41fafe000 JavaThread "C2 CompilerThread0" daemon [_thread_in_native, id=11004, stack(0x000000b57a800000,0x000000b57a900000)]
  0x000001c41fb04800 JavaThread "C1 CompilerThread0" daemon [_thread_blocked, id=10788, stack(0x000000b57a900000,0x000000b57aa00000)]
  0x000001c41fb05800 JavaThread "Sweeper thread" daemon [_thread_blocked, id=14472, stack(0x000000b57aa00000,0x000000b57ab00000)]
  0x000001c41fc7c000 JavaThread "Common-Cleaner" daemon [_thread_blocked, id=10752, stack(0x000000b57ab00000,0x000000b57ac00000)]
  0x000001c421e96000 JavaThread "Daemon health stats" [_thread_blocked, id=11048, stack(0x000000b57b200000,0x000000b57b300000)]
  0x000001c421e94800 JavaThread "Incoming local TCP Connector on port 60082" [_thread_in_native, id=11684, stack(0x000000b57ad00000,0x000000b57ae00000)]
  0x000001c421e97800 JavaThread "Daemon periodic checks" [_thread_blocked, id=15280, stack(0x000000b57b100000,0x000000b57b200000)]
  0x000001c421e98800 JavaThread "Daemon" [_thread_blocked, id=12272, stack(0x000000b57b300000,0x000000b57b400000)]
  0x000001c421e99800 JavaThread "Handler for socket connection from /127.0.0.1:60082 to /127.0.0.1:60083" [_thread_in_native, id=10580, stack(0x000000b57b400000,0x000000b57b500000)]
  0x000001c421e9b000 JavaThread "Cancel handler" [_thread_blocked, id=9332, stack(0x000000b57b500000,0x000000b57b600000)]
  0x000001c421e9a000 JavaThread "Daemon worker" [_thread_in_vm, id=11740, stack(0x000000b57b600000,0x000000b57b700000)]
  0x000001c421e95800 JavaThread "Asynchronous log dispatcher for DefaultDaemonConnection: socket connection from /127.0.0.1:60082 to /127.0.0.1:60083" [_thread_blocked, id=2344, stack(0x000000b57b700000,0x000000b57b800000)]
  0x000001c421e97000 JavaThread "Stdin handler" [_thread_blocked, id=13716, stack(0x000000b57b800000,0x000000b57b900000)]
  0x000001c4228ac800 JavaThread "Daemon client event forwarder" [_thread_blocked, id=920, stack(0x000000b57b900000,0x000000b57ba00000)]
  0x000001c4228ae000 JavaThread "Cache worker for journal cache (C:\Users\zeelp\.gradle\caches\journal-1)" [_thread_blocked, id=16004, stack(0x000000b57ba00000,0x000000b57bb00000)]
  0x000001c4228ab800 JavaThread "File lock request listener" [_thread_in_native, id=14056, stack(0x000000b57bb00000,0x000000b57bc00000)]
  0x000001c4228ad800 JavaThread "Cache worker for file hash cache (C:\Users\zeelp\.gradle\caches\7.2\fileHashes)" [_thread_blocked, id=6336, stack(0x000000b57bc00000,0x000000b57bd00000)]
=>0x000001c4224d9000 JavaThread "C2 CompilerThread1" daemon [_thread_in_native, id=6400, stack(0x000000b57c200000,0x000000b57c300000)]
  0x000001c4228af000 JavaThread "Cache worker for file hash cache (C:\Users\zeelp\Documents\0000.NEW COOL FOLDER\School  Stuff\Android Stuidos\ActualMoneyClickerGame\.gradle\7.2\fileHashes)" [_thread_blocked, id=4240, stack(0x000000b57c300000,0x000000b57c400000)]
  0x000001c4228af800 JavaThread "File watcher server" daemon [_thread_in_native, id=15792, stack(0x000000b57c400000,0x000000b57c500000)]
  0x000001c4228ab000 JavaThread "File watcher consumer" daemon [_thread_blocked, id=11700, stack(0x000000b57c500000,0x000000b57c600000)]

Other Threads:
  0x000001c41f295000 VMThread "VM Thread" [stack: 0x000000b57a200000,0x000000b57a300000] [id=6988]
  0x000001c41fcb8000 WatcherThread [stack: 0x000000b57ac00000,0x000000b57ad00000] [id=10772]
  0x000001c404e05800 GCTaskThread "GC Thread#0" [stack: 0x000000b579d00000,0x000000b579e00000] [id=6884]
  0x000001c4201e5000 GCTaskThread "GC Thread#1" [stack: 0x000000b57ae00000,0x000000b57af00000] [id=15556]
  0x000001c420981000 GCTaskThread "GC Thread#2" [stack: 0x000000b57af00000,0x000000b57b000000] [id=15572]
  0x000001c4207b9800 GCTaskThread "GC Thread#3" [stack: 0x000000b57b000000,0x000000b57b100000] [id=13080]
  0x000001c420dc0800 GCTaskThread "GC Thread#4" [stack: 0x000000b57bd00000,0x000000b57be00000] [id=14780]
  0x000001c422e6f800 GCTaskThread "GC Thread#5" [stack: 0x000000b57be00000,0x000000b57bf00000] [id=6348]
  0x000001c4228be000 GCTaskThread "GC Thread#6" [stack: 0x000000b57bf00000,0x000000b57c000000] [id=7656]
  0x000001c421c8e800 GCTaskThread "GC Thread#7" [stack: 0x000000b57c000000,0x000000b57c100000] [id=7300]
  0x000001c404e36800 ConcurrentGCThread "G1 Main Marker" [stack: 0x000000b579e00000,0x000000b579f00000] [id=15480]
  0x000001c404e39000 ConcurrentGCThread "G1 Conc#0" [stack: 0x000000b579f00000,0x000000b57a000000] [id=8468]
  0x000001c422287000 ConcurrentGCThread "G1 Conc#1" [stack: 0x000000b57c100000,0x000000b57c200000] [id=16328]
  0x000001c404ecd800 ConcurrentGCThread "G1 Refine#0" [stack: 0x000000b57a000000,0x000000b57a100000] [id=2148]
  0x000001c404ece800 ConcurrentGCThread "G1 Young RemSet Sampling" [stack: 0x000000b57a100000,0x000000b57a200000] [id=4368]

Threads with active compile tasks:
C2 CompilerThread0   6229 2180   !   4       java.net.URLClassLoader$1::run (63 bytes)
C2 CompilerThread1   6229 2179       4       java.net.URLClassLoader$1::run (5 bytes)

VM state:not at safepoint (normal execution)

VM Mutex/Monitor currently owned by a thread: None

Heap address: 0x0000000080000000, size: 2048 MB, Compressed Oops mode: 32-bit
Narrow klass base: 0x0000000000000000, Narrow klass shift: 3
Compressed class space size: 1073741824 Address: 0x0000000100000000

Heap:
 garbage-first heap   total 192512K, used 29182K [0x0000000080000000, 0x0000000100000000)
  region size 1024K, 14 young (14336K), 3 survivors (3072K)
 Metaspace       used 26158K, capacity 26796K, committed 27008K, reserved 1073152K
  class space    used 3430K, capacity 3649K, committed 3712K, reserved 1048576K
Heap Regions: E=young(eden), S=young(survivor), O=old, HS=humongous(starts), HC=humongous(continues), CS=collection set, F=free, A=archive, TAMS=top-at-mark-start (previous, next)
|   0|0x0000000080000000, 0x0000000080100000, 0x0000000080100000|100%| O|  |TAMS 0x0000000080000000, 0x0000000080000000| Untracked 
|   1|0x0000000080100000, 0x0000000080200000, 0x0000000080200000|100%| O|  |TAMS 0x0000000080100000, 0x0000000080100000| Untracked 
|   2|0x0000000080200000, 0x0000000080300000, 0x0000000080300000|100%| O|  |TAMS 0x0000000080200000, 0x0000000080200000| Untracked 
|   3|0x0000000080300000, 0x0000000080400000, 0x0000000080400000|100%|HS|  |TAMS 0x0000000080400000, 0x0000000080300000| Complete 
|   4|0x0000000080400000, 0x0000000080500000, 0x0000000080500000|100%|HC|  |TAMS 0x0000000080500000, 0x0000000080400000| Complete 
|   5|0x0000000080500000, 0x0000000080600000, 0x0000000080600000|100%|HC|  |TAMS 0x0000000080600000, 0x0000000080500000| Complete 
|   6|0x0000000080600000, 0x0000000080700000, 0x0000000080700000|100%| O|  |TAMS 0x0000000080700000, 0x0000000080600000| Untracked 
|   7|0x0000000080700000, 0x0000000080800000, 0x0000000080800000|100%| O|  |TAMS 0x0000000080800000, 0x0000000080700000| Untracked 
|   8|0x0000000080800000, 0x0000000080900000, 0x0000000080900000|100%| O|  |TAMS 0x0000000080900000, 0x0000000080800000| Untracked 
|   9|0x0000000080900000, 0x0000000080a00000, 0x0000000080a00000|100%| O|  |TAMS 0x0000000080933600, 0x0000000080900000| Untracked 
|  10|0x0000000080a00000, 0x0000000080b00000, 0x0000000080b00000|100%| O|  |TAMS 0x0000000080a00000, 0x0000000080a00000| Untracked 
|  11|0x0000000080b00000, 0x0000000080c00000, 0x0000000080c00000|100%| O|  |TAMS 0x0000000080b00000, 0x0000000080b00000| Untracked 
|  12|0x0000000080c00000, 0x0000000080d00000, 0x0000000080d00000|100%| O|  |TAMS 0x0000000080c00000, 0x0000000080c00000| Untracked 
|  13|0x0000000080d00000, 0x0000000080e00000, 0x0000000080e00000|100%| O|  |TAMS 0x0000000080d00000, 0x0000000080d00000| Untracked 
|  14|0x0000000080e00000, 0x0000000080f00000, 0x0000000080f00000|100%| O|  |TAMS 0x0000000080e00000, 0x0000000080e00000| Untracked 
|  15|0x0000000080f00000, 0x0000000081000000, 0x0000000081000000|100%| O|  |TAMS 0x0000000080f00000, 0x0000000080f00000| Untracked 
|  16|0x0000000081000000, 0x0000000081064000, 0x0000000081100000| 39%| O|  |TAMS 0x0000000081000000, 0x0000000081000000| Untracked 
|  17|0x0000000081100000, 0x0000000081100000, 0x0000000081200000|  0%| F|  |TAMS 0x0000000081100000, 0x0000000081100000| Untracked 
|  18|0x0000000081200000, 0x0000000081200000, 0x0000000081300000|  0%| F|  |TAMS 0x0000000081200000, 0x0000000081200000| Untracked 
|  19|0x0000000081300000, 0x0000000081300000, 0x0000000081400000|  0%| F|  |TAMS 0x0000000081300000, 0x0000000081300000| Untracked 
|  20|0x0000000081400000, 0x0000000081400000, 0x0000000081500000|  0%| F|  |TAMS 0x0000000081400000, 0x0000000081400000| Untracked 
|  21|0x0000000081500000, 0x0000000081500000, 0x0000000081600000|  0%| F|  |TAMS 0x0000000081500000, 0x0000000081500000| Untracked 
|  22|0x0000000081600000, 0x0000000081600000, 0x0000000081700000|  0%| F|  |TAMS 0x0000000081600000, 0x0000000081600000| Untracked 
|  23|0x0000000081700000, 0x0000000081700000, 0x0000000081800000|  0%| F|  |TAMS 0x0000000081700000, 0x0000000081700000| Untracked 
|  24|0x0000000081800000, 0x0000000081800000, 0x0000000081900000|  0%| F|  |TAMS 0x0000000081800000, 0x0000000081800000| Untracked 
|  25|0x0000000081900000, 0x0000000081900000, 0x0000000081a00000|  0%| F|  |TAMS 0x0000000081900000, 0x0000000081900000| Untracked 
|  26|0x0000000081a00000, 0x0000000081a00000, 0x0000000081b00000|  0%| F|  |TAMS 0x0000000081a00000, 0x0000000081a00000| Untracked 
|  27|0x0000000081b00000, 0x0000000081b00000, 0x0000000081c00000|  0%| F|  |TAMS 0x0000000081b00000, 0x0000000081b00000| Untracked 
|  28|0x0000000081c00000, 0x0000000081c00000, 0x0000000081d00000|  0%| F|  |TAMS 0x0000000081c00000, 0x0000000081c00000| Untracked 
|  29|0x0000000081d00000, 0x0000000081d00000, 0x0000000081e00000|  0%| F|  |TAMS 0x0000000081d00000, 0x0000000081d00000| Untracked 
|  30|0x0000000081e00000, 0x0000000081e00000, 0x0000000081f00000|  0%| F|  |TAMS 0x0000000081e00000, 0x0000000081e00000| Untracked 
|  31|0x0000000081f00000, 0x0000000081f00000, 0x0000000082000000|  0%| F|  |TAMS 0x0000000081f00000, 0x0000000081f00000| Untracked 
|  32|0x0000000082000000, 0x0000000082000000, 0x0000000082100000|  0%| F|  |TAMS 0x0000000082000000, 0x0000000082000000| Untracked 
|  33|0x0000000082100000, 0x0000000082100000, 0x0000000082200000|  0%| F|  |TAMS 0x0000000082100000, 0x0000000082100000| Untracked 
|  34|0x0000000082200000, 0x0000000082200000, 0x0000000082300000|  0%| F|  |TAMS 0x0000000082200000, 0x0000000082200000| Untracked 
|  35|0x0000000082300000, 0x0000000082300000, 0x0000000082400000|  0%| F|  |TAMS 0x0000000082300000, 0x0000000082300000| Untracked 
|  36|0x0000000082400000, 0x0000000082400000, 0x0000000082500000|  0%| F|  |TAMS 0x0000000082400000, 0x0000000082400000| Untracked 
|  37|0x0000000082500000, 0x0000000082500000, 0x0000000082600000|  0%| F|  |TAMS 0x0000000082500000, 0x0000000082500000| Untracked 
|  38|0x0000000082600000, 0x0000000082600000, 0x0000000082700000|  0%| F|  |TAMS 0x0000000082600000, 0x0000000082600000| Untracked 
|  39|0x0000000082700000, 0x0000000082700000, 0x0000000082800000|  0%| F|  |TAMS 0x0000000082700000, 0x0000000082700000| Untracked 
|  40|0x0000000082800000, 0x0000000082800000, 0x0000000082900000|  0%| F|  |TAMS 0x0000000082800000, 0x0000000082800000| Untracked 
|  41|0x0000000082900000, 0x0000000082900000, 0x0000000082a00000|  0%| F|  |TAMS 0x0000000082900000, 0x0000000082900000| Untracked 
|  42|0x0000000082a00000, 0x0000000082a00000, 0x0000000082b00000|  0%| F|  |TAMS 0x0000000082a00000, 0x0000000082a00000| Untracked 
|  43|0x0000000082b00000, 0x0000000082b00000, 0x0000000082c00000|  0%| F|  |TAMS 0x0000000082b00000, 0x0000000082b00000| Untracked 
|  44|0x0000000082c00000, 0x0000000082c00000, 0x0000000082d00000|  0%| F|  |TAMS 0x0000000082c00000, 0x0000000082c00000| Untracked 
|  45|0x0000000082d00000, 0x0000000082d00000, 0x0000000082e00000|  0%| F|  |TAMS 0x0000000082d00000, 0x0000000082d00000| Untracked 
|  46|0x0000000082e00000, 0x0000000082e00000, 0x0000000082f00000|  0%| F|  |TAMS 0x0000000082e00000, 0x0000000082e00000| Untracked 
|  47|0x0000000082f00000, 0x0000000082f00000, 0x0000000083000000|  0%| F|  |TAMS 0x0000000082f00000, 0x0000000082f00000| Untracked 
|  48|0x0000000083000000, 0x0000000083000000, 0x0000000083100000|  0%| F|  |TAMS 0x0000000083000000, 0x0000000083000000| Untracked 
|  49|0x0000000083100000, 0x0000000083100000, 0x0000000083200000|  0%| F|  |TAMS 0x0000000083100000, 0x0000000083100000| Untracked 
|  50|0x0000000083200000, 0x0000000083200000, 0x0000000083300000|  0%| F|  |TAMS 0x0000000083200000, 0x0000000083200000| Untracked 
|  51|0x0000000083300000, 0x0000000083300000, 0x0000000083400000|  0%| F|  |TAMS 0x0000000083300000, 0x0000000083300000| Untracked 
|  52|0x0000000083400000, 0x0000000083400000, 0x0000000083500000|  0%| F|  |TAMS 0x0000000083400000, 0x0000000083400000| Untracked 
|  53|0x0000000083500000, 0x0000000083500000, 0x0000000083600000|  0%| F|  |TAMS 0x0000000083500000, 0x0000000083500000| Untracked 
|  54|0x0000000083600000, 0x0000000083600000, 0x0000000083700000|  0%| F|  |TAMS 0x0000000083600000, 0x0000000083600000| Untracked 
|  55|0x0000000083700000, 0x0000000083700000, 0x0000000083800000|  0%| F|  |TAMS 0x0000000083700000, 0x0000000083700000| Untracked 
|  56|0x0000000083800000, 0x0000000083800000, 0x0000000083900000|  0%| F|  |TAMS 0x0000000083800000, 0x0000000083800000| Untracked 
|  57|0x0000000083900000, 0x0000000083900000, 0x0000000083a00000|  0%| F|  |TAMS 0x0000000083900000, 0x0000000083900000| Untracked 
|  58|0x0000000083a00000, 0x0000000083a00000, 0x0000000083b00000|  0%| F|  |TAMS 0x0000000083a00000, 0x0000000083a00000| Untracked 
|  59|0x0000000083b00000, 0x0000000083b00000, 0x0000000083c00000|  0%| F|  |TAMS 0x0000000083b00000, 0x0000000083b00000| Untracked 
|  60|0x0000000083c00000, 0x0000000083c00000, 0x0000000083d00000|  0%| F|  |TAMS 0x0000000083c00000, 0x0000000083c00000| Untracked 
|  61|0x0000000083d00000, 0x0000000083d00000, 0x0000000083e00000|  0%| F|  |TAMS 0x0000000083d00000, 0x0000000083d00000| Untracked 
|  62|0x0000000083e00000, 0x0000000083e00000, 0x0000000083f00000|  0%| F|  |TAMS 0x0000000083e00000, 0x0000000083e00000| Untracked 
|  63|0x0000000083f00000, 0x0000000083f00000, 0x0000000084000000|  0%| F|  |TAMS 0x0000000083f00000, 0x0000000083f00000| Untracked 
|  64|0x0000000084000000, 0x0000000084000000, 0x0000000084100000|  0%| F|  |TAMS 0x0000000084000000, 0x0000000084000000| Untracked 
|  65|0x0000000084100000, 0x0000000084100000, 0x0000000084200000|  0%| F|  |TAMS 0x0000000084100000, 0x0000000084100000| Untracked 
|  66|0x0000000084200000, 0x0000000084200000, 0x0000000084300000|  0%| F|  |TAMS 0x0000000084200000, 0x0000000084200000| Untracked 
|  67|0x0000000084300000, 0x0000000084300000, 0x0000000084400000|  0%| F|  |TAMS 0x0000000084300000, 0x0000000084300000| Untracked 
|  68|0x0000000084400000, 0x0000000084400000, 0x0000000084500000|  0%| F|  |TAMS 0x0000000084400000, 0x0000000084400000| Untracked 
|  69|0x0000000084500000, 0x0000000084500000, 0x0000000084600000|  0%| F|  |TAMS 0x0000000084500000, 0x0000000084500000| Untracked 
|  70|0x0000000084600000, 0x0000000084600000, 0x0000000084700000|  0%| F|  |TAMS 0x0000000084600000, 0x0000000084600000| Untracked 
|  71|0x0000000084700000, 0x0000000084700000, 0x0000000084800000|  0%| F|  |TAMS 0x0000000084700000, 0x0000000084700000| Untracked 
|  72|0x0000000084800000, 0x0000000084800000, 0x0000000084900000|  0%| F|  |TAMS 0x0000000084800000, 0x0000000084800000| Untracked 
|  73|0x0000000084900000, 0x0000000084900000, 0x0000000084a00000|  0%| F|  |TAMS 0x0000000084900000, 0x0000000084900000| Untracked 
|  74|0x0000000084a00000, 0x0000000084a00000, 0x0000000084b00000|  0%| F|  |TAMS 0x0000000084a00000, 0x0000000084a00000| Untracked 
|  75|0x0000000084b00000, 0x0000000084b00000, 0x0000000084c00000|  0%| F|  |TAMS 0x0000000084b00000, 0x0000000084b00000| Untracked 
|  76|0x0000000084c00000, 0x0000000084c00000, 0x0000000084d00000|  0%| F|  |TAMS 0x0000000084c00000, 0x0000000084c00000| Untracked 
|  77|0x0000000084d00000, 0x0000000084d00000, 0x0000000084e00000|  0%| F|  |TAMS 0x0000000084d00000, 0x0000000084d00000| Untracked 
|  78|0x0000000084e00000, 0x0000000084e00000, 0x0000000084f00000|  0%| F|  |TAMS 0x0000000084e00000, 0x0000000084e00000| Untracked 
|  79|0x0000000084f00000, 0x0000000084f00000, 0x0000000085000000|  0%| F|  |TAMS 0x0000000084f00000, 0x0000000084f00000| Untracked 
|  80|0x0000000085000000, 0x0000000085000000, 0x0000000085100000|  0%| F|  |TAMS 0x0000000085000000, 0x0000000085000000| Untracked 
|  81|0x0000000085100000, 0x0000000085100000, 0x0000000085200000|  0%| F|  |TAMS 0x0000000085100000, 0x0000000085100000| Untracked 
|  82|0x0000000085200000, 0x0000000085200000, 0x0000000085300000|  0%| F|  |TAMS 0x0000000085200000, 0x0000000085200000| Untracked 
|  83|0x0000000085300000, 0x0000000085300000, 0x0000000085400000|  0%| F|  |TAMS 0x0000000085300000, 0x0000000085300000| Untracked 
|  84|0x0000000085400000, 0x0000000085400000, 0x0000000085500000|  0%| F|  |TAMS 0x0000000085400000, 0x0000000085400000| Untracked 
|  85|0x0000000085500000, 0x0000000085500000, 0x0000000085600000|  0%| F|  |TAMS 0x0000000085500000, 0x0000000085500000| Untracked 
|  86|0x0000000085600000, 0x0000000085600000, 0x0000000085700000|  0%| F|  |TAMS 0x0000000085600000, 0x0000000085600000| Untracked 
|  87|0x0000000085700000, 0x0000000085700000, 0x0000000085800000|  0%| F|  |TAMS 0x0000000085700000, 0x0000000085700000| Untracked 
|  88|0x0000000085800000, 0x0000000085800000, 0x0000000085900000|  0%| F|  |TAMS 0x0000000085800000, 0x0000000085800000| Untracked 
|  89|0x0000000085900000, 0x0000000085900000, 0x0000000085a00000|  0%| F|  |TAMS 0x0000000085900000, 0x0000000085900000| Untracked 
|  90|0x0000000085a00000, 0x0000000085a00000, 0x0000000085b00000|  0%| F|  |TAMS 0x0000000085a00000, 0x0000000085a00000| Untracked 
|  91|0x0000000085b00000, 0x0000000085b00000, 0x0000000085c00000|  0%| F|  |TAMS 0x0000000085b00000, 0x0000000085b00000| Untracked 
|  92|0x0000000085c00000, 0x0000000085c00000, 0x0000000085d00000|  0%| F|  |TAMS 0x0000000085c00000, 0x0000000085c00000| Untracked 
|  93|0x0000000085d00000, 0x0000000085d00000, 0x0000000085e00000|  0%| F|  |TAMS 0x0000000085d00000, 0x0000000085d00000| Untracked 
|  94|0x0000000085e00000, 0x0000000085e00000, 0x0000000085f00000|  0%| F|  |TAMS 0x0000000085e00000, 0x0000000085e00000| Untracked 
|  95|0x0000000085f00000, 0x0000000085f00000, 0x0000000086000000|  0%| F|  |TAMS 0x0000000085f00000, 0x0000000085f00000| Untracked 
|  96|0x0000000086000000, 0x0000000086000000, 0x0000000086100000|  0%| F|  |TAMS 0x0000000086000000, 0x0000000086000000| Untracked 
|  97|0x0000000086100000, 0x0000000086100000, 0x0000000086200000|  0%| F|  |TAMS 0x0000000086100000, 0x0000000086100000| Untracked 
|  98|0x0000000086200000, 0x0000000086200000, 0x0000000086300000|  0%| F|  |TAMS 0x0000000086200000, 0x0000000086200000| Untracked 
|  99|0x0000000086300000, 0x0000000086300000, 0x0000000086400000|  0%| F|  |TAMS 0x0000000086300000, 0x0000000086300000| Untracked 
| 100|0x0000000086400000, 0x0000000086400000, 0x0000000086500000|  0%| F|  |TAMS 0x0000000086400000, 0x0000000086400000| Untracked 
| 101|0x0000000086500000, 0x0000000086500000, 0x0000000086600000|  0%| F|  |TAMS 0x0000000086500000, 0x0000000086500000| Untracked 
| 102|0x0000000086600000, 0x0000000086600000, 0x0000000086700000|  0%| F|  |TAMS 0x0000000086600000, 0x0000000086600000| Untracked 
| 103|0x0000000086700000, 0x0000000086700000, 0x0000000086800000|  0%| F|  |TAMS 0x0000000086700000, 0x0000000086700000| Untracked 
| 104|0x0000000086800000, 0x0000000086800000, 0x0000000086900000|  0%| F|  |TAMS 0x0000000086800000, 0x0000000086800000| Untracked 
| 105|0x0000000086900000, 0x0000000086900000, 0x0000000086a00000|  0%| F|  |TAMS 0x0000000086900000, 0x0000000086900000| Untracked 
| 106|0x0000000086a00000, 0x0000000086a00000, 0x0000000086b00000|  0%| F|  |TAMS 0x0000000086a00000, 0x0000000086a00000| Untracked 
| 107|0x0000000086b00000, 0x0000000086b00000, 0x0000000086c00000|  0%| F|  |TAMS 0x0000000086b00000, 0x0000000086b00000| Untracked 
| 108|0x0000000086c00000, 0x0000000086c00000, 0x0000000086d00000|  0%| F|  |TAMS 0x0000000086c00000, 0x0000000086c00000| Untracked 
| 109|0x0000000086d00000, 0x0000000086d00000, 0x0000000086e00000|  0%| F|  |TAMS 0x0000000086d00000, 0x0000000086d00000| Untracked 
| 110|0x0000000086e00000, 0x0000000086e00000, 0x0000000086f00000|  0%| F|  |TAMS 0x0000000086e00000, 0x0000000086e00000| Untracked 
| 111|0x0000000086f00000, 0x0000000086f00000, 0x0000000087000000|  0%| F|  |TAMS 0x0000000086f00000, 0x0000000086f00000| Untracked 
| 112|0x0000000087000000, 0x0000000087000000, 0x0000000087100000|  0%| F|  |TAMS 0x0000000087000000, 0x0000000087000000| Untracked 
| 113|0x0000000087100000, 0x0000000087100000, 0x0000000087200000|  0%| F|  |TAMS 0x0000000087100000, 0x0000000087100000| Untracked 
| 114|0x0000000087200000, 0x0000000087200000, 0x0000000087300000|  0%| F|  |TAMS 0x0000000087200000, 0x0000000087200000| Untracked 
| 115|0x0000000087300000, 0x0000000087300000, 0x0000000087400000|  0%| F|  |TAMS 0x0000000087300000, 0x0000000087300000| Untracked 
| 116|0x0000000087400000, 0x0000000087400000, 0x0000000087500000|  0%| F|  |TAMS 0x0000000087400000, 0x0000000087400000| Untracked 
| 117|0x0000000087500000, 0x0000000087500000, 0x0000000087600000|  0%| F|  |TAMS 0x0000000087500000, 0x0000000087500000| Untracked 
| 118|0x0000000087600000, 0x0000000087600000, 0x0000000087700000|  0%| F|  |TAMS 0x0000000087600000, 0x0000000087600000| Untracked 
| 119|0x0000000087700000, 0x0000000087700000, 0x0000000087800000|  0%| F|  |TAMS 0x0000000087700000, 0x0000000087700000| Untracked 
| 120|0x0000000087800000, 0x0000000087800000, 0x0000000087900000|  0%| F|  |TAMS 0x0000000087800000, 0x0000000087800000| Untracked 
| 121|0x0000000087900000, 0x0000000087900000, 0x0000000087a00000|  0%| F|  |TAMS 0x0000000087900000, 0x0000000087900000| Untracked 
| 122|0x0000000087a00000, 0x0000000087a00000, 0x0000000087b00000|  0%| F|  |TAMS 0x0000000087a00000, 0x0000000087a00000| Untracked 
| 123|0x0000000087b00000, 0x0000000087b00000, 0x0000000087c00000|  0%| F|  |TAMS 0x0000000087b00000, 0x0000000087b00000| Untracked 
| 124|0x0000000087c00000, 0x0000000087c00000, 0x0000000087d00000|  0%| F|  |TAMS 0x0000000087c00000, 0x0000000087c00000| Untracked 
| 125|0x0000000087d00000, 0x0000000087d00000, 0x0000000087e00000|  0%| F|  |TAMS 0x0000000087d00000, 0x0000000087d00000| Untracked 
| 126|0x0000000087e00000, 0x0000000087e00000, 0x0000000087f00000|  0%| F|  |TAMS 0x0000000087e00000, 0x0000000087e00000| Untracked 
| 127|0x0000000087f00000, 0x0000000087f00000, 0x0000000088000000|  0%| F|  |TAMS 0x0000000087f00000, 0x0000000087f00000| Untracked 
| 128|0x0000000088000000, 0x0000000088000000, 0x0000000088100000|  0%| F|  |TAMS 0x0000000088000000, 0x0000000088000000| Untracked 
| 129|0x0000000088100000, 0x0000000088100000, 0x0000000088200000|  0%| F|  |TAMS 0x0000000088100000, 0x0000000088100000| Untracked 
| 130|0x0000000088200000, 0x0000000088200000, 0x0000000088300000|  0%| F|  |TAMS 0x0000000088200000, 0x0000000088200000| Untracked 
| 131|0x0000000088300000, 0x0000000088300000, 0x0000000088400000|  0%| F|  |TAMS 0x0000000088300000, 0x0000000088300000| Untracked 
| 132|0x0000000088400000, 0x0000000088400000, 0x0000000088500000|  0%| F|  |TAMS 0x0000000088400000, 0x0000000088400000| Untracked 
| 133|0x0000000088500000, 0x0000000088500000, 0x0000000088600000|  0%| F|  |TAMS 0x0000000088500000, 0x0000000088500000| Untracked 
| 134|0x0000000088600000, 0x0000000088600000, 0x0000000088700000|  0%| F|  |TAMS 0x0000000088600000, 0x0000000088600000| Untracked 
| 135|0x0000000088700000, 0x0000000088700000, 0x0000000088800000|  0%| F|  |TAMS 0x0000000088700000, 0x0000000088700000| Untracked 
| 136|0x0000000088800000, 0x0000000088800000, 0x0000000088900000|  0%| F|  |TAMS 0x0000000088800000, 0x0000000088800000| Untracked 
| 137|0x0000000088900000, 0x0000000088900000, 0x0000000088a00000|  0%| F|  |TAMS 0x0000000088900000, 0x0000000088900000| Untracked 
| 138|0x0000000088a00000, 0x0000000088a00000, 0x0000000088b00000|  0%| F|  |TAMS 0x0000000088a00000, 0x0000000088a00000| Untracked 
| 139|0x0000000088b00000, 0x0000000088b00000, 0x0000000088c00000|  0%| F|  |TAMS 0x0000000088b00000, 0x0000000088b00000| Untracked 
| 140|0x0000000088c00000, 0x0000000088c1b968, 0x0000000088d00000| 10%| S|CS|TAMS 0x0000000088c00000, 0x0000000088c00000| Complete 
| 141|0x0000000088d00000, 0x0000000088e00000, 0x0000000088e00000|100%| S|CS|TAMS 0x0000000088d00000, 0x0000000088d00000| Complete 
| 142|0x0000000088e00000, 0x0000000088f00000, 0x0000000088f00000|100%| S|CS|TAMS 0x0000000088e00000, 0x0000000088e00000| Complete 
| 143|0x0000000088f00000, 0x0000000088f00000, 0x0000000089000000|  0%| F|  |TAMS 0x0000000088f00000, 0x0000000088f00000| Untracked 
| 144|0x0000000089000000, 0x0000000089000000, 0x0000000089100000|  0%| F|  |TAMS 0x0000000089000000, 0x0000000089000000| Untracked 
| 145|0x0000000089100000, 0x0000000089100000, 0x0000000089200000|  0%| F|  |TAMS 0x0000000089100000, 0x0000000089100000| Untracked 
| 146|0x0000000089200000, 0x0000000089200000, 0x0000000089300000|  0%| F|  |TAMS 0x0000000089200000, 0x0000000089200000| Untracked 
| 147|0x0000000089300000, 0x0000000089300000, 0x0000000089400000|  0%| F|  |TAMS 0x0000000089300000, 0x0000000089300000| Untracked 
| 148|0x0000000089400000, 0x0000000089400000, 0x0000000089500000|  0%| F|  |TAMS 0x0000000089400000, 0x0000000089400000| Untracked 
| 149|0x0000000089500000, 0x0000000089500000, 0x0000000089600000|  0%| F|  |TAMS 0x0000000089500000, 0x0000000089500000| Untracked 
| 150|0x0000000089600000, 0x0000000089600000, 0x0000000089700000|  0%| F|  |TAMS 0x0000000089600000, 0x0000000089600000| Untracked 
| 151|0x0000000089700000, 0x0000000089700000, 0x0000000089800000|  0%| F|  |TAMS 0x0000000089700000, 0x0000000089700000| Untracked 
| 152|0x0000000089800000, 0x0000000089800000, 0x0000000089900000|  0%| F|  |TAMS 0x0000000089800000, 0x0000000089800000| Untracked 
| 153|0x0000000089900000, 0x0000000089900000, 0x0000000089a00000|  0%| F|  |TAMS 0x0000000089900000, 0x0000000089900000| Untracked 
| 154|0x0000000089a00000, 0x0000000089a00000, 0x0000000089b00000|  0%| F|  |TAMS 0x0000000089a00000, 0x0000000089a00000| Untracked 
| 155|0x0000000089b00000, 0x0000000089b00000, 0x0000000089c00000|  0%| F|  |TAMS 0x0000000089b00000, 0x0000000089b00000| Untracked 
| 156|0x0000000089c00000, 0x0000000089c00000, 0x0000000089d00000|  0%| F|  |TAMS 0x0000000089c00000, 0x0000000089c00000| Untracked 
| 157|0x0000000089d00000, 0x0000000089d00000, 0x0000000089e00000|  0%| F|  |TAMS 0x0000000089d00000, 0x0000000089d00000| Untracked 
| 158|0x0000000089e00000, 0x0000000089e00000, 0x0000000089f00000|  0%| F|  |TAMS 0x0000000089e00000, 0x0000000089e00000| Untracked 
| 159|0x0000000089f00000, 0x0000000089f00000, 0x000000008a000000|  0%| F|  |TAMS 0x0000000089f00000, 0x0000000089f00000| Untracked 
| 160|0x000000008a000000, 0x000000008a000000, 0x000000008a100000|  0%| F|  |TAMS 0x000000008a000000, 0x000000008a000000| Untracked 
| 161|0x000000008a100000, 0x000000008a100000, 0x000000008a200000|  0%| F|  |TAMS 0x000000008a100000, 0x000000008a100000| Untracked 
| 162|0x000000008a200000, 0x000000008a200000, 0x000000008a300000|  0%| F|  |TAMS 0x000000008a200000, 0x000000008a200000| Untracked 
| 163|0x000000008a300000, 0x000000008a300000, 0x000000008a400000|  0%| F|  |TAMS 0x000000008a300000, 0x000000008a300000| Untracked 
| 164|0x000000008a400000, 0x000000008a400000, 0x000000008a500000|  0%| F|  |TAMS 0x000000008a400000, 0x000000008a400000| Untracked 
| 165|0x000000008a500000, 0x000000008a500000, 0x000000008a600000|  0%| F|  |TAMS 0x000000008a500000, 0x000000008a500000| Untracked 
| 166|0x000000008a600000, 0x000000008a600000, 0x000000008a700000|  0%| F|  |TAMS 0x000000008a600000, 0x000000008a600000| Untracked 
| 167|0x000000008a700000, 0x000000008a700000, 0x000000008a800000|  0%| F|  |TAMS 0x000000008a700000, 0x000000008a700000| Untracked 
| 168|0x000000008a800000, 0x000000008a800000, 0x000000008a900000|  0%| F|  |TAMS 0x000000008a800000, 0x000000008a800000| Untracked 
| 169|0x000000008a900000, 0x000000008a900000, 0x000000008aa00000|  0%| F|  |TAMS 0x000000008a900000, 0x000000008a900000| Untracked 
| 170|0x000000008aa00000, 0x000000008aa00000, 0x000000008ab00000|  0%| F|  |TAMS 0x000000008aa00000, 0x000000008aa00000| Untracked 
| 171|0x000000008ab00000, 0x000000008ab00000, 0x000000008ac00000|  0%| F|  |TAMS 0x000000008ab00000, 0x000000008ab00000| Untracked 
| 172|0x000000008ac00000, 0x000000008ac00000, 0x000000008ad00000|  0%| F|  |TAMS 0x000000008ac00000, 0x000000008ac00000| Untracked 
| 173|0x000000008ad00000, 0x000000008ad00000, 0x000000008ae00000|  0%| F|  |TAMS 0x000000008ad00000, 0x000000008ad00000| Untracked 
| 174|0x000000008ae00000, 0x000000008ae00000, 0x000000008af00000|  0%| F|  |TAMS 0x000000008ae00000, 0x000000008ae00000| Untracked 
| 175|0x000000008af00000, 0x000000008af00000, 0x000000008b000000|  0%| F|  |TAMS 0x000000008af00000, 0x000000008af00000| Untracked 
| 176|0x000000008b000000, 0x000000008b080800, 0x000000008b100000| 50%| E|  |TAMS 0x000000008b000000, 0x000000008b000000| Complete 
| 177|0x000000008b100000, 0x000000008b200000, 0x000000008b200000|100%| E|CS|TAMS 0x000000008b100000, 0x000000008b100000| Complete 
| 178|0x000000008b200000, 0x000000008b300000, 0x000000008b300000|100%| E|CS|TAMS 0x000000008b200000, 0x000000008b200000| Complete 
| 179|0x000000008b300000, 0x000000008b400000, 0x000000008b400000|100%| E|CS|TAMS 0x000000008b300000, 0x000000008b300000| Complete 
| 180|0x000000008b400000, 0x000000008b500000, 0x000000008b500000|100%| E|CS|TAMS 0x000000008b400000, 0x000000008b400000| Complete 
| 181|0x000000008b500000, 0x000000008b600000, 0x000000008b600000|100%| E|CS|TAMS 0x000000008b500000, 0x000000008b500000| Complete 
| 182|0x000000008b600000, 0x000000008b700000, 0x000000008b700000|100%| E|CS|TAMS 0x000000008b600000, 0x000000008b600000| Complete 
| 183|0x000000008b700000, 0x000000008b800000, 0x000000008b800000|100%| E|CS|TAMS 0x000000008b700000, 0x000000008b700000| Complete 
| 184|0x000000008b800000, 0x000000008b900000, 0x000000008b900000|100%| E|CS|TAMS 0x000000008b800000, 0x000000008b800000| Complete 
| 185|0x000000008b900000, 0x000000008ba00000, 0x000000008ba00000|100%| E|CS|TAMS 0x000000008b900000, 0x000000008b900000| Complete 
| 186|0x000000008ba00000, 0x000000008bb00000, 0x000000008bb00000|100%| E|CS|TAMS 0x000000008ba00000, 0x000000008ba00000| Complete 
| 187|0x000000008bb00000, 0x000000008bc00000, 0x000000008bc00000|100%| E|CS|TAMS 0x000000008bb00000, 0x000000008bb00000| Complete 

Card table byte_map: [0x000001c418020000,0x000001c418420000] _byte_map_base: 0x000001c417c20000

Marking Bits (Prev, Next): (CMBitMap*) 0x000001c404e2dc00, (CMBitMap*) 0x000001c404e2dbc8
 Prev Bits: [0x000001c41a820000, 0x000001c41c820000)
 Next Bits: [0x000001c418820000, 0x000001c41a820000)

Polling page: 0x000001c402de0000

Metaspace:

Usage:
  Non-class:     22.60 MB capacity,    22.21 MB ( 98%) used,   353.76 KB (  2%) free+waste,    48.88 KB ( <1%) overhead. 
      Class:      3.56 MB capacity,     3.35 MB ( 94%) used,   191.22 KB (  5%) free+waste,    24.56 KB ( <1%) overhead. 
       Both:     26.17 MB capacity,    25.56 MB ( 98%) used,   544.98 KB (  2%) free+waste,    73.44 KB ( <1%) overhead. 

Virtual space:
  Non-class space:       24.00 MB reserved,      22.75 MB ( 95%) committed 
      Class space:        1.00 GB reserved,       3.63 MB ( <1%) committed 
             Both:        1.02 GB reserved,      26.38 MB (  3%) committed 

Chunk freelists:
   Non-Class:  21.00 KB
       Class:  0 bytes
        Both:  21.00 KB

MaxMetaspaceSize: 17179869184.00 GB
CompressedClassSpaceSize: 1.00 GB

CodeHeap 'non-profiled nmethods': size=120000Kb used=1090Kb max_used=1090Kb free=118910Kb
 bounds [0x000001c4103c0000, 0x000001c410630000, 0x000001c4178f0000]
CodeHeap 'profiled nmethods': size=120000Kb used=4711Kb max_used=4711Kb free=115288Kb
 bounds [0x000001c408e90000, 0x000001c409330000, 0x000001c4103c0000]
CodeHeap 'non-nmethods': size=5760Kb used=1172Kb max_used=1197Kb free=4587Kb
 bounds [0x000001c4088f0000, 0x000001c408b60000, 0x000001c408e90000]
 total_blobs=2727 nmethods=2225 adapters=413
 compilation: enabled
              stopped_count=0, restarted_count=0
 full_count=0

Compilation events (20 events):
Event: 6.108 Thread 0x000001c41fb04800 2219       3       java.util.Properties$LineReader::readLine (635 bytes)
Event: 6.112 Thread 0x000001c41fb04800 nmethod 2219 0x000001c40931b210 code [0x000001c40931b5e0, 0x000001c40931df58]
Event: 6.112 Thread 0x000001c41fb04800 2220       3       java.util.concurrent.ConcurrentHashMap$EntryIterator::next (5 bytes)
Event: 6.113 Thread 0x000001c41fb04800 nmethod 2220 0x000001c40931ec10 code [0x000001c40931edc0, 0x000001c40931eee8]
Event: 6.113 Thread 0x000001c41fb04800 2221       3       java.util.concurrent.ConcurrentHashMap$EntryIterator::next (51 bytes)
Event: 6.113 Thread 0x000001c41fb04800 nmethod 2221 0x000001c40931ef90 code [0x000001c40931f180, 0x000001c40931f678]
Event: 6.118 Thread 0x000001c41fb04800 2222       1       org.gradle.internal.logging.events.CategorisedOutputEvent::getTimestamp (5 bytes)
Event: 6.119 Thread 0x000001c41fb04800 nmethod 2222 0x000001c4104d0210 code [0x000001c4104d03c0, 0x000001c4104d0478]
Event: 6.119 Thread 0x000001c41fb04800 2223       1       org.gradle.internal.logging.events.CategorisedOutputEvent::getCategory (5 bytes)
Event: 6.119 Thread 0x000001c41fb04800 nmethod 2223 0x000001c4104d0510 code [0x000001c4104d06c0, 0x000001c4104d0778]
Event: 6.124 Thread 0x000001c41fb04800 2224       3       java.net.URI::match (56 bytes)
Event: 6.124 Thread 0x000001c41fb04800 nmethod 2224 0x000001c40931f810 code [0x000001c40931f9c0, 0x000001c40931fc78]
Event: 6.173 Thread 0x000001c41fb04800 2225   !   3       org.gradle.internal.service.DefaultServiceRegistry$FactoryService::bind (283 bytes)
Event: 6.178 Thread 0x000001c41fb04800 nmethod 2225 0x000001c40931fd10 code [0x000001c409320420, 0x000001c409324a88]
Event: 6.178 Thread 0x000001c41fb04800 2227       3       org.gradle.internal.service.DefaultServiceRegistry$FactoryService::assembleParameters (58 bytes)
Event: 6.178 Thread 0x000001c41fb04800 nmethod 2227 0x000001c409326190 code [0x000001c409326380, 0x000001c409326968]
Event: 6.178 Thread 0x000001c41fb04800 2226       3       org.gradle.internal.service.DefaultServiceRegistry$FactoryService::createServiceInstance (18 bytes)
Event: 6.179 Thread 0x000001c41fb04800 nmethod 2226 0x000001c409326b90 code [0x000001c409326d60, 0x000001c409326f78]
Event: 6.209 Thread 0x000001c41fb04800 2228       3       org.gradle.internal.service.DefaultServiceRegistry$FactoryMethodService::getParameterTypes (10 bytes)
Event: 6.209 Thread 0x000001c41fb04800 nmethod 2228 0x000001c409327090 code [0x000001c409327240, 0x000001c409327418]

GC Heap History (6 events):
Event: 1.377 GC heap before
{Heap before GC invocations=0 (full 0):
 garbage-first heap   total 192512K, used 29696K [0x0000000080000000, 0x0000000100000000)
  region size 1024K, 24 young (24576K), 0 survivors (0K)
 Metaspace       used 9845K, capacity 10050K, committed 10112K, reserved 1058816K
  class space    used 1028K, capacity 1102K, committed 1152K, reserved 1048576K
}
Event: 1.385 GC heap after
{Heap after GC invocations=1 (full 0):
 garbage-first heap   total 192512K, used 9421K [0x0000000080000000, 0x0000000100000000)
  region size 1024K, 3 young (3072K), 3 survivors (3072K)
 Metaspace       used 9845K, capacity 10050K, committed 10112K, reserved 1058816K
  class space    used 1028K, capacity 1102K, committed 1152K, reserved 1048576K
}
Event: 4.826 GC heap before
{Heap before GC invocations=1 (full 0):
 garbage-first heap   total 192512K, used 107725K [0x0000000080000000, 0x0000000100000000)
  region size 1024K, 100 young (102400K), 3 survivors (3072K)
 Metaspace       used 20656K, capacity 21075K, committed 21248K, reserved 1067008K
  class space    used 2538K, capacity 2693K, committed 2816K, reserved 1048576K
}
Event: 4.840 GC heap after
{Heap after GC invocations=2 (full 0):
 garbage-first heap   total 192512K, used 17406K [0x0000000080000000, 0x0000000100000000)
  region size 1024K, 11 young (11264K), 11 survivors (11264K)
 Metaspace       used 20656K, capacity 21075K, committed 21248K, reserved 1067008K
  class space    used 2538K, capacity 2693K, committed 2816K, reserved 1048576K
}
Event: 5.968 GC heap before
{Heap before GC invocations=3 (full 0):
 garbage-first heap   total 192512K, used 63486K [0x0000000080000000, 0x0000000100000000)
  region size 1024K, 56 young (57344K), 11 survivors (11264K)
 Metaspace       used 25207K, capacity 25736K, committed 25856K, reserved 1071104K
  class space    used 3279K, capacity 3465K, committed 3584K, reserved 1048576K
}
Event: 5.978 GC heap after
{Heap after GC invocations=4 (full 0):
 garbage-first heap   total 192512K, used 18942K [0x0000000080000000, 0x0000000100000000)
  region size 1024K, 3 young (3072K), 3 survivors (3072K)
 Metaspace       used 25207K, capacity 25736K, committed 25856K, reserved 1071104K
  class space    used 3279K, capacity 3465K, committed 3584K, reserved 1048576K
}

Deoptimization events (20 events):
Event: 6.045 Thread 0x000001c421e9a000 Uncommon trap: trap_request=0xffffff4d fr.pc=0x000001c410464c34 relative=0x0000000000001374
Event: 6.045 Thread 0x000001c421e9a000 Uncommon trap: reason=unstable_if action=reinterpret pc=0x000001c410464c34 method=java.util.concurrent.ConcurrentHashMap.putVal(Ljava/lang/Object;Ljava/lang/Object;Z)Ljava/lang/Object; @ 231 c2
Event: 6.045 Thread 0x000001c421e9a000 DEOPT PACKING pc=0x000001c410464c34 sp=0x000000b57b6fc1c0
Event: 6.045 Thread 0x000001c421e9a000 DEOPT UNPACKING pc=0x000001c4088f83af sp=0x000000b57b6fc140 mode 2
Event: 6.082 Thread 0x000001c421e9a000 Uncommon trap: trap_request=0xffffffde fr.pc=0x000001c4104c495c relative=0x000000000000031c
Event: 6.082 Thread 0x000001c421e9a000 Uncommon trap: reason=class_check action=maybe_recompile pc=0x000001c4104c495c method=java.util.Collections$SetFromMap.remove(Ljava/lang/Object;)Z @ 5 c2
Event: 6.082 Thread 0x000001c421e9a000 DEOPT PACKING pc=0x000001c4104c495c sp=0x000000b57b6fc1b0
Event: 6.083 Thread 0x000001c421e9a000 DEOPT UNPACKING pc=0x000001c4088f83af sp=0x000000b57b6fc198 mode 2
Event: 6.083 Thread 0x000001c421e9a000 Uncommon trap: trap_request=0xffffffde fr.pc=0x000001c4104c495c relative=0x000000000000031c
Event: 6.083 Thread 0x000001c421e9a000 Uncommon trap: reason=class_check action=maybe_recompile pc=0x000001c4104c495c method=java.util.Collections$SetFromMap.remove(Ljava/lang/Object;)Z @ 5 c2
Event: 6.083 Thread 0x000001c421e9a000 DEOPT PACKING pc=0x000001c4104c495c sp=0x000000b57b6fc140
Event: 6.083 Thread 0x000001c421e9a000 DEOPT UNPACKING pc=0x000001c4088f83af sp=0x000000b57b6fc128 mode 2
Event: 6.123 Thread 0x000001c421e9a000 Uncommon trap: trap_request=0xffffff4d fr.pc=0x000001c4103e1968 relative=0x0000000000000048
Event: 6.123 Thread 0x000001c421e9a000 Uncommon trap: reason=unstable_if action=reinterpret pc=0x000001c4103e1968 method=java.net.URI.match(CJJ)Z @ 19 c2
Event: 6.123 Thread 0x000001c421e9a000 DEOPT PACKING pc=0x000001c4103e1968 sp=0x000000b57b6fa880
Event: 6.123 Thread 0x000001c421e9a000 DEOPT UNPACKING pc=0x000001c4088f83af sp=0x000000b57b6fa808 mode 2
Event: 6.123 Thread 0x000001c421e9a000 Uncommon trap: trap_request=0xffffff4d fr.pc=0x000001c41040f164 relative=0x00000000000001a4
Event: 6.123 Thread 0x000001c421e9a000 Uncommon trap: reason=unstable_if action=reinterpret pc=0x000001c41040f164 method=java.net.URI.match(CJJ)Z @ 19 c2
Event: 6.123 Thread 0x000001c421e9a000 DEOPT PACKING pc=0x000001c41040f164 sp=0x000000b57b6fa7e0
Event: 6.123 Thread 0x000001c421e9a000 DEOPT UNPACKING pc=0x000001c4088f83af sp=0x000000b57b6fa6e0 mode 2

Classes redefined (0 events):
No events

Internal exceptions (20 events):
Event: 3.898 Thread 0x000001c421e9a000 Exception <a 'java/lang/NoSuchMethodError'{0x00000000877b13c8}: 'void java.lang.invoke.DelegatingMethodHandle$Holder.reinvoke_L(java.lang.Object, java.lang.Object, java.lang.Object, java.lang.Object)'> (0x00000000877b13c8) thrown at [./src/hotspot/share/interpreter/linkResolver.cpp, line 773]
Event: 3.909 Thread 0x000001c421e9a000 Exception <a 'java/lang/NoSuchMethodError'{0x00000000877e2230}: 'long java.lang.invoke.DirectMethodHandle$Holder.invokeInterface(java.lang.Object, java.lang.Object)'> (0x00000000877e2230) thrown at [./src/hotspot/share/interpreter/linkResolver.cpp, line 773]
Event: 3.916 Thread 0x000001c421e9a000 Exception <a 'java/lang/NoSuchMethodError'{0x0000000087606160}: 'void java.lang.invoke.DelegatingMethodHandle$Holder.reinvoke_L(java.lang.Object, java.lang.Object, java.lang.Object, java.lang.Object, java.lang.Object, java.lang.Object, java.lang.Object)'> (0x0000000087606160) thrown at [./src/hotspot/share/interpreter/linkResolver.cpp, line 773]
Event: 4.613 Thread 0x000001c421e9a000 Exception <a 'java/lang/NoSuchMethodError'{0x0000000085eb0db0}: 'void java.lang.invoke.DirectMethodHandle$Holder.invokeStaticInit(java.lang.Object)'> (0x0000000085eb0db0) thrown at [./src/hotspot/share/interpreter/linkResolver.cpp, line 773]
Event: 4.688 Thread 0x000001c421e9a000 Exception <a 'java/lang/NoSuchMethodError'{0x0000000085cde458}: 'java.lang.Object java.lang.invoke.DirectMethodHandle$Holder.invokeStatic(java.lang.Object, java.lang.Object, java.lang.Object, int)'> (0x0000000085cde458) thrown at [./src/hotspot/share/interpreter/linkResolver.cpp, line 773]
Event: 4.689 Thread 0x000001c421e9a000 Exception <a 'java/lang/NoSuchMethodError'{0x0000000085ce28c8}: 'java.lang.Object java.lang.invoke.DirectMethodHandle$Holder.invokeSpecial(java.lang.Object, java.lang.Object, java.lang.Object, java.lang.Object, int)'> (0x0000000085ce28c8) thrown at [./src/hotspot/share/interpreter/linkResolver.cpp, line 773]
Event: 4.689 Thread 0x000001c421e9a000 Exception <a 'java/lang/NoSuchMethodError'{0x0000000085ce6558}: 'java.lang.Object java.lang.invoke.Invokers$Holder.linkToTargetMethod(java.lang.Object, java.lang.Object, int, java.lang.Object)'> (0x0000000085ce6558) thrown at [./src/hotspot/share/interpreter/linkResolver.cpp, line 773]
Event: 4.879 Thread 0x000001c421e9a000 Exception <a 'java/lang/NoSuchMethodError'{0x000000008ba195c8}: 'int java.lang.invoke.DirectMethodHandle$Holder.invokeSpecialIFC(java.lang.Object, java.lang.Object, java.lang.Object, java.lang.Object)'> (0x000000008ba195c8) thrown at [./src/hotspot/share/interpreter/linkResolver.cpp, line 773]
Event: 4.882 Thread 0x000001c421e9a000 Exception <a 'java/lang/NoSuchMethodError'{0x000000008ba275b0}: 'java.lang.Object java.lang.invoke.DirectMethodHandle$Holder.invokeInterface(java.lang.Object, java.lang.Object, java.lang.Object)'> (0x000000008ba275b0) thrown at [./src/hotspot/share/interpreter/linkResolver.cpp, line 773]
Event: 4.882 Thread 0x000001c421e9a000 Exception <a 'java/lang/IncompatibleClassChangeError'{0x000000008ba2aa88}: Found class java.lang.Object, but interface was expected> (0x000000008ba2aa88) thrown at [./src/hotspot/share/interpreter/linkResolver.cpp, line 839]
Event: 4.946 Thread 0x000001c421e9a000 Exception <a 'java/lang/NoSuchMethodError'{0x000000008b82ad48}: 'void java.lang.invoke.DirectMethodHandle$Holder.invokeStatic(java.lang.Object, java.lang.Object, java.lang.Object, java.lang.Object, java.lang.Object)'> (0x000000008b82ad48) thrown at [./src/hotspot/share/interpreter/linkResolver.cpp, line 773]
Event: 5.178 Thread 0x000001c421e9a000 Exception <a 'java/lang/NoSuchMethodError'{0x000000008b183e68}: 'java.lang.Object java.lang.invoke.DirectMethodHandle$Holder.invokeSpecial(java.lang.Object, java.lang.Object, java.lang.Object, java.lang.Object, java.lang.Object, java.lang.Object, java.lang.Object, java.lang.Object, java.lang.Object)'> (0x000000008b183e68) thrown at [./src/hotspot/share/interpreter/linkResolver.cpp, line 773]
Event: 5.376 Thread 0x000001c421e9a000 Exception <a 'java/lang/NoSuchMethodError'{0x000000008a794a40}: 'java.lang.Object java.lang.invoke.DirectMethodHandle$Holder.invokeVirtual(java.lang.Object, java.lang.Object, java.lang.Object, java.lang.Object)'> (0x000000008a794a40) thrown at [./src/hotspot/share/interpreter/linkResolver.cpp, line 773]
Event: 5.560 Thread 0x000001c421e9a000 Exception <a 'java/lang/NoSuchMethodError'{0x000000008a037f38}: 'void java.lang.invoke.DirectMethodHandle$Holder.invokeSpecial(java.lang.Object, java.lang.Object, java.lang.Object, java.lang.Object, java.lang.Object, java.lang.Object)'> (0x000000008a037f38) thrown at [./src/hotspot/share/interpreter/linkResolver.cpp, line 773]
Event: 5.578 Thread 0x000001c421e9a000 Exception <a 'java/lang/NoSuchMethodError'{0x000000008a0a6f80}: 'void java.lang.invoke.DirectMethodHandle$Holder.invokeSpecial(java.lang.Object, java.lang.Object, java.lang.Object, java.lang.Object, java.lang.Object, java.lang.Object, java.lang.Object)'> (0x000000008a0a6f80) thrown at [./src/hotspot/share/interpreter/linkResolver.cpp, line 773]
Event: 5.579 Thread 0x000001c421e9a000 Exception <a 'java/lang/NoSuchMethodError'{0x000000008a0af470}: 'java.lang.Object java.lang.invoke.Invokers$Holder.linkToTargetMethod(java.lang.Object, java.lang.Object, java.lang.Object, java.lang.Object, java.lang.Object, java.lang.Object)'> (0x000000008a0af470) thrown at [./src/hotspot/share/interpreter/linkResolver.cpp, line 773]
Event: 5.761 Thread 0x000001c421e9a000 Exception <a 'java/lang/NoSuchMethodError'{0x0000000089618828}: 'int java.lang.invoke.DirectMethodHandle$Holder.invokeStaticInit(java.lang.Object, java.lang.Object, java.lang.Object)'> (0x0000000089618828) thrown at [./src/hotspot/share/interpreter/linkResolver.cpp, line 773]
Event: 5.887 Thread 0x000001c421e9a000 Exception <a 'java/lang/NoSuchMethodError'{0x000000008914d188}: 'void java.lang.invoke.DirectMethodHandle$Holder.invokeStaticInit(java.lang.Object, java.lang.Object)'> (0x000000008914d188) thrown at [./src/hotspot/share/interpreter/linkResolver.cpp, line 773]
Event: 6.069 Thread 0x000001c421e9a000 Exception <a 'java/lang/NoSuchMethodError'{0x000000008b9f6c08}: 'void java.lang.invoke.DirectMethodHandle$Holder.invokeStatic(java.lang.Object, java.lang.Object, java.lang.Object, java.lang.Object)'> (0x000000008b9f6c08) thrown at [./src/hotspot/share/interpreter/linkResolver.cpp, line 773]
Event: 6.073 Thread 0x000001c421e9a000 Exception <a 'java/lang/NoSuchMethodError'{0x000000008b80ac38}: 'int java.lang.invoke.DirectMethodHandle$Holder.invokeInterface(java.lang.Object, java.lang.Object)'> (0x000000008b80ac38) thrown at [./src/hotspot/share/interpreter/linkResolver.cpp, line 773]

Events (20 events):
Event: 6.197 loading class org/gradle/internal/resource/transport/file/FileConnectorFactory
Event: 6.197 loading class org/gradle/internal/resource/transport/file/FileConnectorFactory done
Event: 6.198 loading class org/gradle/internal/resource/transport/gcp/gcs/GcsConnectorFactory
Event: 6.198 loading class org/gradle/internal/resource/transport/gcp/gcs/GcsConnectorFactory done
Event: 6.200 loading class org/gradle/internal/resource/transport/aws/s3/S3ConnectorFactory
Event: 6.200 loading class org/gradle/internal/resource/transport/aws/s3/S3ConnectorFactory done
Event: 6.203 loading class org/gradle/internal/resource/transport/sftp/SftpClientFactory$SftpClientCreator
Event: 6.203 loading class org/gradle/internal/resource/transport/sftp/SftpClientFactory$SftpClientCreator done
Event: 6.204 loading class com/jcraft/jsch/JSchException
Event: 6.204 loading class com/jcraft/jsch/JSchException done
Event: 6.205 loading class org/gradle/internal/resource/transport/sftp/LockableSftpClient
Event: 6.205 loading class org/gradle/internal/resource/transport/sftp/LockableSftpClient done
Event: 6.206 loading class com/jcraft/jsch/Logger
Event: 6.206 loading class com/jcraft/jsch/Logger done
Event: 6.206 loading class com/jcraft/jsch/HostKeyRepository
Event: 6.206 loading class com/jcraft/jsch/HostKeyRepository done
Event: 6.207 loading class org/gradle/internal/resource/transport/sftp/SftpConnectorFactory
Event: 6.207 loading class org/gradle/internal/resource/transport/sftp/SftpConnectorFactory done
Event: 6.209 loading class org/gradle/api/internal/artifacts/ivyservice/moduleconverter/dependencies/DefaultExcludeRuleConverter
Event: 6.209 loading class org/gradle/api/internal/artifacts/ivyservice/moduleconverter/dependencies/DefaultExcludeRuleConverter done


Dynamic libraries:
0x00007ff63e0a0000 - 0x00007ff63e0aa000 	C:\Program Files\Android\Android Studio\jre\bin\java.exe
0x00007ffd4cbb0000 - 0x00007ffd4cda8000 	C:\windows\SYSTEM32\ntdll.dll
0x00007ffd4bb30000 - 0x00007ffd4bbed000 	C:\windows\System32\KERNEL32.DLL
0x00007ffd4a2d0000 - 0x00007ffd4a59e000 	C:\windows\System32\KERNELBASE.dll
0x00007ffd4a6f0000 - 0x00007ffd4a7f0000 	C:\windows\System32\ucrtbase.dll
0x00007ffd0ff50000 - 0x00007ffd0ff69000 	C:\Program Files\Android\Android Studio\jre\bin\jli.dll
0x00007ffd0ff30000 - 0x00007ffd0ff47000 	C:\Program Files\Android\Android Studio\jre\bin\VCRUNTIME140.dll
0x00007ffd4c470000 - 0x00007ffd4c610000 	C:\windows\System32\USER32.dll
0x00007ffd4ab50000 - 0x00007ffd4ab72000 	C:\windows\System32\win32u.dll
0x00007ffd32420000 - 0x00007ffd326ba000 	C:\windows\WinSxS\amd64_microsoft.windows.common-controls_6595b64144ccf1df_6.0.19041.1110_none_60b5254171f9507e\COMCTL32.dll
0x00007ffd4b000000 - 0x00007ffd4b02a000 	C:\windows\System32\GDI32.dll
0x00007ffd4a9d0000 - 0x00007ffd4aadb000 	C:\windows\System32\gdi32full.dll
0x00007ffd4be70000 - 0x00007ffd4bf0e000 	C:\windows\System32\msvcrt.dll
0x00007ffd4a650000 - 0x00007ffd4a6ed000 	C:\windows\System32\msvcp_win.dll
0x00007ffd4bc50000 - 0x00007ffd4bc80000 	C:\windows\System32\IMM32.DLL
0x00007ffd077d0000 - 0x00007ffd0786d000 	C:\Program Files\Android\Android Studio\jre\bin\msvcp140.dll
0x00007ffccc430000 - 0x00007ffcccf05000 	C:\Program Files\Android\Android Studio\jre\bin\server\jvm.dll
0x00007ffd4b2d0000 - 0x00007ffd4b37e000 	C:\windows\System32\ADVAPI32.dll
0x00007ffd4ac10000 - 0x00007ffd4acac000 	C:\windows\System32\sechost.dll
0x00007ffd4bc80000 - 0x00007ffd4bda5000 	C:\windows\System32\RPCRT4.dll
0x00007ffd4b110000 - 0x00007ffd4b118000 	C:\windows\System32\PSAPI.DLL
0x00007ffd43360000 - 0x00007ffd4336a000 	C:\windows\SYSTEM32\VERSION.dll
0x00007ffd2b890000 - 0x00007ffd2b8b7000 	C:\windows\SYSTEM32\WINMM.dll
0x00007ffcf4040000 - 0x00007ffcf4049000 	C:\windows\SYSTEM32\WSOCK32.dll
0x00007ffd4b120000 - 0x00007ffd4b18b000 	C:\windows\System32\WS2_32.dll
0x00007ffd48b20000 - 0x00007ffd48b32000 	C:\windows\SYSTEM32\kernel.appcore.dll
0x00007ffd280c0000 - 0x00007ffd280d1000 	C:\Program Files\Android\Android Studio\jre\bin\verify.dll
0x00007ffd48160000 - 0x00007ffd48344000 	C:\windows\SYSTEM32\DBGHELP.DLL
0x00007ffd2ea10000 - 0x00007ffd2ea3c000 	C:\windows\SYSTEM32\dbgcore.DLL
0x00007ffd4ab80000 - 0x00007ffd4ac02000 	C:\windows\System32\bcryptPrimitives.dll
0x00007ffd16320000 - 0x00007ffd16349000 	C:\Program Files\Android\Android Studio\jre\bin\java.dll
0x00007ffd31c30000 - 0x00007ffd31c3b000 	C:\Program Files\Android\Android Studio\jre\bin\jimage.dll
0x00007ffd16300000 - 0x00007ffd16318000 	C:\Program Files\Android\Android Studio\jre\bin\zip.dll
0x00007ffd4b3e0000 - 0x00007ffd4bb24000 	C:\windows\System32\SHELL32.dll
0x00007ffd48350000 - 0x00007ffd48ae4000 	C:\windows\SYSTEM32\windows.storage.dll
0x00007ffd4c6e0000 - 0x00007ffd4ca34000 	C:\windows\System32\combase.dll
0x00007ffd49d30000 - 0x00007ffd49d60000 	C:\windows\SYSTEM32\Wldp.dll
0x00007ffd4b190000 - 0x00007ffd4b23d000 	C:\windows\System32\SHCORE.dll
0x00007ffd4bf20000 - 0x00007ffd4bf75000 	C:\windows\System32\shlwapi.dll
0x00007ffd4a210000 - 0x00007ffd4a22f000 	C:\windows\SYSTEM32\profapi.dll
0x00007ffd15b50000 - 0x00007ffd15b6a000 	C:\Program Files\Android\Android Studio\jre\bin\net.dll
0x00007ffd421f0000 - 0x00007ffd422fa000 	C:\windows\SYSTEM32\WINHTTP.dll
0x00007ffd49a70000 - 0x00007ffd49ada000 	C:\windows\system32\mswsock.dll
0x00007ffd15b30000 - 0x00007ffd15b44000 	C:\Program Files\Android\Android Studio\jre\bin\nio.dll
0x00007ffd16350000 - 0x00007ffd16377000 	C:\Users\zeelp\.gradle\native\e1d6ef7f7dcc3fd88c89a11ec53ec762bb8ba0a96d01ffa2cd45eb1d1d8dd5c5\windows-amd64\native-platform.dll
0x00007ffd07290000 - 0x00007ffd073d4000 	C:\Users\zeelp\.gradle\native\5664cfc778a61ccfe75a443a1ab52a65af34e5dc3c78e0209fed803814484fcb\windows-amd64\native-platform-file-events.dll
0x00007ffd314d0000 - 0x00007ffd314da000 	C:\Program Files\Android\Android Studio\jre\bin\management.dll
0x00007ffd314a0000 - 0x00007ffd314ad000 	C:\Program Files\Android\Android Studio\jre\bin\management_ext.dll
0x00007ffd49c80000 - 0x00007ffd49c98000 	C:\windows\SYSTEM32\CRYPTSP.dll
0x00007ffd49360000 - 0x00007ffd49394000 	C:\windows\system32\rsaenh.dll
0x00007ffd4a7f0000 - 0x00007ffd4a817000 	C:\windows\System32\bcrypt.dll
0x00007ffd4a1d0000 - 0x00007ffd4a1fe000 	C:\windows\SYSTEM32\USERENV.dll
0x00007ffd49ca0000 - 0x00007ffd49cac000 	C:\windows\SYSTEM32\CRYPTBASE.dll
0x00007ffd49700000 - 0x00007ffd4973b000 	C:\windows\SYSTEM32\IPHLPAPI.DLL
0x00007ffd4bf10000 - 0x00007ffd4bf18000 	C:\windows\System32\NSI.dll
0x00007ffd3f900000 - 0x00007ffd3f917000 	C:\windows\SYSTEM32\dhcpcsvc6.DLL
0x00007ffd41250000 - 0x00007ffd4126d000 	C:\windows\SYSTEM32\dhcpcsvc.DLL
0x00007ffd49740000 - 0x00007ffd4980a000 	C:\windows\SYSTEM32\DNSAPI.dll

dbghelp: loaded successfully - version: 4.0.5 - missing functions: none
symbol engine: initialized successfully - sym options: 0x614 - pdb path: .;C:\Program Files\Android\Android Studio\jre\bin;C:\windows\SYSTEM32;C:\windows\WinSxS\amd64_microsoft.windows.common-controls_6595b64144ccf1df_6.0.19041.1110_none_60b5254171f9507e;C:\Program Files\Android\Android Studio\jre\bin\server;C:\Users\zeelp\.gradle\native\e1d6ef7f7dcc3fd88c89a11ec53ec762bb8ba0a96d01ffa2cd45eb1d1d8dd5c5\windows-amd64;C:\Users\zeelp\.gradle\native\5664cfc778a61ccfe75a443a1ab52a65af34e5dc3c78e0209fed803814484fcb\windows-amd64

VM Arguments:
jvm_args: --add-opens=java.base/java.util=ALL-UNNAMED --add-opens=java.base/java.lang=ALL-UNNAMED --add-opens=java.base/java.lang.invoke=ALL-UNNAMED --add-opens=java.base/java.util=ALL-UNNAMED --add-opens=java.prefs/java.util.prefs=ALL-UNNAMED --add-opens=java.prefs/java.util.prefs=ALL-UNNAMED --add-opens=java.base/java.nio.charset=ALL-UNNAMED --add-opens=java.base/java.net=ALL-UNNAMED --add-opens=java.base/java.util.concurrent.atomic=ALL-UNNAMED -Xmx2048m -Dfile.encoding=UTF-8 -Duser.country=US -Duser.language=en -Duser.variant 
java_command: org.gradle.launcher.daemon.bootstrap.GradleDaemon 7.2
java_class_path (initial): C:\Users\zeelp\.gradle\wrapper\dists\gradle-7.2-bin\2dnblmf4td7x66yl1d74lt32g\gradle-7.2\lib\gradle-launcher-7.2.jar
Launcher Type: SUN_STANDARD

[Global flags]
     intx CICompilerCount                          = 4                                         {product} {ergonomic}
     uint ConcGCThreads                            = 2                                         {product} {ergonomic}
     uint G1ConcRefinementThreads                  = 8                                         {product} {ergonomic}
   size_t G1HeapRegionSize                         = 1048576                                   {product} {ergonomic}
    uintx GCDrainStackTargetSize                   = 64                                        {product} {ergonomic}
   size_t InitialHeapSize                          = 197132288                                 {product} {ergonomic}
   size_t MarkStackSize                            = 4194304                                   {product} {ergonomic}
   size_t MaxHeapSize                              = 2147483648                                {product} {command line}
   size_t MaxNewSize                               = 1287651328                                {product} {ergonomic}
   size_t MinHeapDeltaBytes                        = 1048576                                   {product} {ergonomic}
    uintx NonNMethodCodeHeapSize                   = 5836300                                {pd product} {ergonomic}
    uintx NonProfiledCodeHeapSize                  = 122910970                              {pd product} {ergonomic}
    uintx ProfiledCodeHeapSize                     = 122910970                              {pd product} {ergonomic}
    uintx ReservedCodeCacheSize                    = 251658240                              {pd product} {ergonomic}
     bool SegmentedCodeCache                       = true                                      {product} {ergonomic}
     bool UseCompressedClassPointers               = true                                 {lp64_product} {ergonomic}
     bool UseCompressedOops                        = true                                 {lp64_product} {ergonomic}
     bool UseG1GC                                  = true                                      {product} {ergonomic}
     bool UseLargePagesIndividualAllocation        = false                                  {pd product} {ergonomic}

Logging:
Log output configuration:
 #0: stdout all=warning uptime,level,tags
 #1: stderr all=off uptime,level,tags

Environment Variables:
PATH=C:\Program Files\Common Files\Oracle\Java\javapath;C:\ProgramData\Oracle\Java\javapath;C:\windows\system32;C:\windows;C:\windows\System32\Wbem;C:\windows\System32\WindowsPowerShell\v1.0\;C:\windows\System32\OpenSSH\;C:\Program Files\Git\cmd;C:\Program Files\nodejs\;C:\Users\zeelp\AppData\Local\Programs\Python\Python39\Scripts\;C:\Users\zeelp\AppData\Local\Programs\Python\Python39\;C:\Users\zeelp\AppData\Local\Microsoft\WindowsApps;C:\Users\zeelp\AppData\Local\Programs\Microsoft VS Code\bin;C:\Users\zeelp\AppData\Roaming\npm;C:\Users\zeelp\AppData\Local\GitHubDesktop\bin
USERNAME=zeelp
OS=Windows_NT
PROCESSOR_IDENTIFIER=Intel64 Family 6 Model 126 Stepping 5, GenuineIntel



---------------  S Y S T E M  ---------------

OS: Windows 10 , 64 bit Build 19041 (10.0.19041.1889)
OS uptime: 0 days 0:09 hours
Hyper-V role detected

CPU:total 8 (initial active 8) (4 cores per cpu, 2 threads per core) family 6 model 126 stepping 5 microcode 0xa8, cmov, cx8, fxsr, mmx, sse, sse2, sse3, ssse3, sse4.1, sse4.2, popcnt, avx, avx2, aes, clmul, erms, 3dnowpref, lzcnt, ht, tsc, tscinvbit, bmi1, bmi2, adx, evex, sha, fma

Memory: 4k page, system-wide physical 11976M (2005M free)
TotalPageFile size 42407M (AvailPageFile size 49M)
current process WorkingSet (physical memory assigned to process): 246M, peak: 246M
current process commit charge ("private bytes"): 350M, peak: 352M

vm_info: OpenJDK 64-Bit Server VM (11.0.11+9-b60-7590822) for windows-amd64 JRE (11.0.11+9-b60-7590822), built on Jul 29 2021 21:43:44 by "builder" with MS VC++ 14.0 (VS2015)

END.
